This file contains any messages produced by compilers while
running configure, to aid debugging if configure makes a mistake.

It was created by xwallpaper configure 0.7.4, which was
generated by GNU Autoconf 2.71.  Invocation command line was

  $ ./configure

## --------- ##
## Platform. ##
## --------- ##

hostname = Math-Shell
uname -m = x86_64
uname -r = 6.0.9_1
uname -s = Linux
uname -v = #1 SMP PREEMPT_DYNAMIC Fri Nov 18 16:45:48 UTC 2022

/usr/bin/uname -p = unknown
/bin/uname -X     = unknown

/bin/arch              = x86_64
/usr/bin/arch -k       = unknown
/usr/convex/getsysinfo = unknown
/usr/bin/hostinfo      = unknown
/bin/machine           = unknown
/usr/bin/oslevel       = unknown
/bin/universe          = unknown

PATH: /usr/local/bin/
PATH: /bin/
PATH: /usr/bin/
PATH: /usr/local/sbin/
PATH: /usr/sbin/
PATH: /sbin/


## ----------- ##
## Core tests. ##
## ----------- ##

configure:2367: looking for aux files: missing install-sh compile
configure:2380:  trying ./
configure:2409:   ./missing found
configure:2391:   ./install-sh found
configure:2409:   ./compile found
configure:2587: checking for gcc
configure:2608: found /bin/gcc
configure:2619: result: gcc
configure:2972: checking for C compiler version
configure:2981: gcc --version >&5
gcc (GCC) 10.2.1 20201203
Copyright (C) 2020 Free Software Foundation, Inc.
This is free software; see the source for copying conditions.  There is NO
warranty; not even for MERCHANTABILITY or FITNESS FOR A PARTICULAR PURPOSE.

configure:2992: $? = 0
configure:2981: gcc -v >&5
Using built-in specs.
COLLECT_GCC=gcc
COLLECT_LTO_WRAPPER=/usr/lib64/gcc/x86_64-unknown-linux-gnu/10.2.1/lto-wrapper
Target: x86_64-unknown-linux-gnu
Configured with: /builddir/gcc-10.2.1_pre1/configure --build=x86_64-unknown-linux-gnu --enable-gnu-unique-object --enable-vtable-verify --prefix=/usr --mandir=/usr/share/man --infodir=/usr/share/info --libexecdir=/usr/lib64 --libdir=/usr/lib64 --enable-threads=posix --enable-__cxa_atexit --disable-multilib --with-system-zlib --enable-shared --enable-lto --enable-plugins --enable-linker-build-id --disable-werror --disable-nls --enable-default-pie --enable-default-ssp --enable-checking=release --disable-libstdcxx-pch --with-isl --with-linker-hash-style=gnu --disable-sjlj-exceptions --disable-target-libiberty --enable-languages=c,c++,objc,obj-c++,fortran,lto,go,ada
Thread model: posix
Supported LTO compression algorithms: zlib
gcc version 10.2.1 20201203 (GCC) 
configure:2992: $? = 0
configure:2981: gcc -V >&5
gcc: error: unrecognized command-line option '-V'
gcc: fatal error: no input files
compilation terminated.
configure:2992: $? = 1
configure:2981: gcc -qversion >&5
gcc: error: unrecognized command-line option '-qversion'; did you mean '--version'?
gcc: fatal error: no input files
compilation terminated.
configure:2992: $? = 1
configure:2981: gcc -version >&5
gcc: error: unrecognized command-line option '-version'
gcc: fatal error: no input files
compilation terminated.
configure:2992: $? = 1
configure:3012: checking whether the C compiler works
configure:3034: gcc    conftest.c  >&5
configure:3038: $? = 0
configure:3088: result: yes
configure:3091: checking for C compiler default output file name
configure:3093: result: a.out
configure:3099: checking for suffix of executables
configure:3106: gcc -o conftest    conftest.c  >&5
configure:3110: $? = 0
configure:3133: result: 
configure:3155: checking whether we are cross compiling
configure:3163: gcc -o conftest    conftest.c  >&5
configure:3167: $? = 0
configure:3174: ./conftest
configure:3178: $? = 0
configure:3193: result: no
configure:3198: checking for suffix of object files
configure:3221: gcc -c   conftest.c >&5
configure:3225: $? = 0
configure:3247: result: o
configure:3251: checking whether the compiler supports GNU C
configure:3271: gcc -c   conftest.c >&5
configure:3271: $? = 0
configure:3281: result: yes
configure:3292: checking whether gcc accepts -g
configure:3313: gcc -c -g  conftest.c >&5
configure:3313: $? = 0
configure:3357: result: yes
configure:3377: checking for gcc option to enable C11 features
configure:3392: gcc  -c -g -O2  conftest.c >&5
configure:3392: $? = 0
configure:3410: result: none needed
configure:3531: checking whether gcc understands -c and -o together
configure:3554: gcc -c conftest.c -o conftest2.o
configure:3557: $? = 0
configure:3554: gcc -c conftest.c -o conftest2.o
configure:3557: $? = 0
configure:3569: result: yes
configure:3606: checking for a BSD-compatible install
configure:3679: result: /bin/install -c
configure:3690: checking whether build environment is sane
configure:3745: result: yes
configure:3900: checking for a race-free mkdir -p
configure:3944: result: /bin/mkdir -p
configure:3951: checking for gawk
configure:3972: found /bin/gawk
configure:3983: result: gawk
configure:3994: checking whether make sets $(MAKE)
configure:4017: result: yes
configure:4039: checking whether make supports the include directive
configure:4054: make -f confmf.GNU && cat confinc.out
this is the am__doit target
configure:4057: $? = 0
configure:4076: result: yes (GNU style)
configure:4111: checking whether make supports nested variables
configure:4129: result: yes
configure:4210: checking dependency style of gcc
configure:4322: result: gcc3
configure:4455: checking for pkg-config
configure:4478: found /bin/pkg-config
configure:4490: result: /bin/pkg-config
configure:4515: checking pkg-config is at least version 0.9.0
configure:4518: result: yes
configure:4528: checking for pixman-1 >= 0.32
configure:4535: $PKG_CONFIG --exists --print-errors "pixman-1 >= 0.32"
configure:4538: $? = 0
configure:4552: $PKG_CONFIG --exists --print-errors "pixman-1 >= 0.32"
configure:4555: $? = 0
configure:4613: result: yes
configure:4619: checking for xcb-image >= 0.3.8 xcb-util >= 0.3.8
configure:4626: $PKG_CONFIG --exists --print-errors "xcb-image >= 0.3.8 xcb-util >= 0.3.8"
configure:4629: $? = 0
configure:4643: $PKG_CONFIG --exists --print-errors "xcb-image >= 0.3.8 xcb-util >= 0.3.8"
configure:4646: $? = 0
configure:4704: result: yes
configure:4711: checking for pledge
configure:4711: gcc -o conftest -g -O2   conftest.c  >&5
/bin/ld: /tmp/ccFC7RtF.o: in function `main':
/home/mohammed/repository/Math-Shell/xwallpaper/conftest.c:38: undefined reference to `pledge'
collect2: error: ld returned 1 exit status
configure:4711: $? = 1
configure: failed program was:
| /* confdefs.h */
| #define PACKAGE_NAME "xwallpaper"
| #define PACKAGE_TARNAME "xwallpaper"
| #define PACKAGE_VERSION "0.7.4"
| #define PACKAGE_STRING "xwallpaper 0.7.4"
| #define PACKAGE_BUGREPORT "https://github.com/stoeckmann/xwallpaper/issues"
| #define PACKAGE_URL "https://github.com/stoeckmann/xwallpaper"
| #define PACKAGE "xwallpaper"
| #define VERSION "0.7.4"
| /* end confdefs.h.  */
| /* Define pledge to an innocuous variant, in case <limits.h> declares pledge.
|    For example, HP-UX 11i <limits.h> declares gettimeofday.  */
| #define pledge innocuous_pledge
| 
| /* System header to define __stub macros and hopefully few prototypes,
|    which can conflict with char pledge (); below.  */
| 
| #include <limits.h>
| #undef pledge
| 
| /* Override any GCC internal prototype to avoid an error.
|    Use char because int might match the return type of a GCC
|    builtin and then its argument prototype would still apply.  */
| #ifdef __cplusplus
| extern "C"
| #endif
| char pledge ();
| /* The GNU C library defines this for functions which it implements
|     to always fail with ENOSYS.  Some functions are actually named
|     something starting with __ and the normal name is an alias.  */
| #if defined __stub_pledge || defined __stub___pledge
| choke me
| #endif
| 
| int
| main (void)
| {
| return pledge ();
|   ;
|   return 0;
| }
configure:4711: result: no
configure:4720: checking whether seccomp support is requested
configure:4738: result: auto
configure:4743: checking for libseccomp >= 2.3.1
configure:4750: $PKG_CONFIG --exists --print-errors "libseccomp >= 2.3.1"
Package libseccomp was not found in the pkg-config search path.
Perhaps you should add the directory containing `libseccomp.pc'
to the PKG_CONFIG_PATH environment variable
No package 'libseccomp' found
configure:4753: $? = 1
configure:4767: $PKG_CONFIG --exists --print-errors "libseccomp >= 2.3.1"
Package libseccomp was not found in the pkg-config search path.
Perhaps you should add the directory containing `libseccomp.pc'
to the PKG_CONFIG_PATH environment variable
No package 'libseccomp' found
configure:4770: $? = 1
configure:4784: result: no
No package 'libseccomp' found
configure:4831: checking whether RandR support is requested
configure:4849: result: auto
configure:4854: checking for xcb-randr >= 1.11
configure:4861: $PKG_CONFIG --exists --print-errors "xcb-randr >= 1.11"
configure:4864: $? = 0
configure:4878: $PKG_CONFIG --exists --print-errors "xcb-randr >= 1.11"
configure:4881: $? = 0
configure:4919: result: yes
configure:4942: checking whether JPEG support is requested
configure:4960: result: auto
configure:4965: checking for libjpeg >= 1.5
configure:4972: $PKG_CONFIG --exists --print-errors "libjpeg >= 1.5"
configure:4975: $? = 0
configure:4989: $PKG_CONFIG --exists --print-errors "libjpeg >= 1.5"
configure:4992: $? = 0
configure:5030: result: yes
configure:5136: checking whether PNG support is requested
configure:5154: result: auto
configure:5159: checking for libpng >= 1.2
configure:5166: $PKG_CONFIG --exists --print-errors "libpng >= 1.2"
configure:5169: $? = 0
configure:5183: $PKG_CONFIG --exists --print-errors "libpng >= 1.2"
configure:5186: $? = 0
configure:5224: result: yes
configure:5247: checking whether XPM support is requested
configure:5265: result: auto
configure:5270: checking for xpm >= 3.5
configure:5277: $PKG_CONFIG --exists --print-errors "xpm >= 3.5"
Package xpm was not found in the pkg-config search path.
Perhaps you should add the directory containing `xpm.pc'
to the PKG_CONFIG_PATH environment variable
No package 'xpm' found
configure:5280: $? = 1
configure:5294: $PKG_CONFIG --exists --print-errors "xpm >= 3.5"
Package xpm was not found in the pkg-config search path.
Perhaps you should add the directory containing `xpm.pc'
to the PKG_CONFIG_PATH environment variable
No package 'xpm' found
configure:5297: $? = 1
configure:5311: result: no
No package 'xpm' found
configure:5480: checking that generated files are newer than configure
configure:5486: result: done
configure:5529: creating ./config.status

## ---------------------- ##
## Running config.status. ##
## ---------------------- ##

This file was extended by xwallpaper config.status 0.7.4, which was
generated by GNU Autoconf 2.71.  Invocation command line was

  CONFIG_FILES    = 
  CONFIG_HEADERS  = 
  CONFIG_LINKS    = 
  CONFIG_COMMANDS = 
  $ ./config.status 

on Math-Shell

config.status:868: creating Makefile
config.status:868: creating config.h
config.status:1097: executing depfiles commands
config.status:1172: cd .       && sed -e '/# am--include-marker/d' Makefile         | make -f - am--depfiles
config.status:1179: $? = 0

## ---------------- ##
## Cache variables. ##
## ---------------- ##

ac_cv_c_compiler_gnu='yes'
ac_cv_env_CC_set=''
ac_cv_env_CC_value=''
ac_cv_env_CFLAGS_set=''
ac_cv_env_CFLAGS_value=''
ac_cv_env_CPPFLAGS_set=''
ac_cv_env_CPPFLAGS_value=''
ac_cv_env_JPEG_CFLAGS_set=''
ac_cv_env_JPEG_CFLAGS_value=''
ac_cv_env_JPEG_LIBS_set=''
ac_cv_env_JPEG_LIBS_value=''
ac_cv_env_LDFLAGS_set=''
ac_cv_env_LDFLAGS_value=''
ac_cv_env_LIBS_set=''
ac_cv_env_LIBS_value=''
ac_cv_env_PIXMAN_CFLAGS_set=''
ac_cv_env_PIXMAN_CFLAGS_value=''
ac_cv_env_PIXMAN_LIBS_set=''
ac_cv_env_PIXMAN_LIBS_value=''
ac_cv_env_PKG_CONFIG_LIBDIR_set=''
ac_cv_env_PKG_CONFIG_LIBDIR_value=''
ac_cv_env_PKG_CONFIG_PATH_set=''
ac_cv_env_PKG_CONFIG_PATH_value=''
ac_cv_env_PKG_CONFIG_set=''
ac_cv_env_PKG_CONFIG_value=''
ac_cv_env_PNG_CFLAGS_set=''
ac_cv_env_PNG_CFLAGS_value=''
ac_cv_env_PNG_LIBS_set=''
ac_cv_env_PNG_LIBS_value=''
ac_cv_env_RANDR_CFLAGS_set=''
ac_cv_env_RANDR_CFLAGS_value=''
ac_cv_env_RANDR_LIBS_set=''
ac_cv_env_RANDR_LIBS_value=''
ac_cv_env_SECCOMP_CFLAGS_set=''
ac_cv_env_SECCOMP_CFLAGS_value=''
ac_cv_env_SECCOMP_LIBS_set=''
ac_cv_env_SECCOMP_LIBS_value=''
ac_cv_env_XCB_CFLAGS_set=''
ac_cv_env_XCB_CFLAGS_value=''
ac_cv_env_XCB_LIBS_set=''
ac_cv_env_XCB_LIBS_value=''
ac_cv_env_XPM_CFLAGS_set=''
ac_cv_env_XPM_CFLAGS_value=''
ac_cv_env_XPM_LIBS_set=''
ac_cv_env_XPM_LIBS_value=''
ac_cv_env_build_alias_set=''
ac_cv_env_build_alias_value=''
ac_cv_env_host_alias_set=''
ac_cv_env_host_alias_value=''
ac_cv_env_target_alias_set=''
ac_cv_env_target_alias_value=''
ac_cv_func_pledge='no'
ac_cv_objext='o'
ac_cv_path_ac_pt_PKG_CONFIG='/bin/pkg-config'
ac_cv_path_install='/bin/install -c'
ac_cv_path_mkdir='/bin/mkdir'
ac_cv_prog_AWK='gawk'
ac_cv_prog_ac_ct_CC='gcc'
ac_cv_prog_cc_c11=''
ac_cv_prog_cc_g='yes'
ac_cv_prog_cc_stdc=''
ac_cv_prog_make_make_set='yes'
am_cv_CC_dependencies_compiler_type='gcc3'
am_cv_make_support_nested_variables='yes'
am_cv_prog_cc_c_o='yes'
pkg_cv_JPEG_CFLAGS=''
pkg_cv_JPEG_LIBS='-ljpeg'
pkg_cv_PIXMAN_CFLAGS='-I/usr/include/pixman-1'
pkg_cv_PIXMAN_LIBS='-lpixman-1'
pkg_cv_PNG_CFLAGS='-I/usr/include/libpng16'
pkg_cv_PNG_LIBS='-lpng16'
pkg_cv_RANDR_CFLAGS=''
pkg_cv_RANDR_LIBS='-lxcb-randr'
pkg_cv_XCB_CFLAGS=''
pkg_cv_XCB_LIBS='-lxcb-image -lxcb-shm -lxcb-util -lxcb'

## ----------------- ##
## Output variables. ##
## ----------------- ##

ACLOCAL='${SHELL} '\''/home/mohammed/repository/Math-Shell/xwallpaper/missing'\'' aclocal-1.16'
AMDEPBACKSLASH='\'
AMDEP_FALSE='#'
AMDEP_TRUE=''
AMTAR='$${TAR-tar}'
AM_BACKSLASH='\'
AM_DEFAULT_V='$(AM_DEFAULT_VERBOSITY)'
AM_DEFAULT_VERBOSITY='1'
AM_V='$(V)'
AUTOCONF='${SHELL} '\''/home/mohammed/repository/Math-Shell/xwallpaper/missing'\'' autoconf'
AUTOHEADER='${SHELL} '\''/home/mohammed/repository/Math-Shell/xwallpaper/missing'\'' autoheader'
AUTOMAKE='${SHELL} '\''/home/mohammed/repository/Math-Shell/xwallpaper/missing'\'' automake-1.16'
AWK='gawk'
BUILD_JPEG_FALSE='#'
BUILD_JPEG_TRUE=''
BUILD_PNG_FALSE='#'
BUILD_PNG_TRUE=''
BUILD_RANDR_FALSE='#'
BUILD_RANDR_TRUE=''
BUILD_SECCOMP_FALSE=''
BUILD_SECCOMP_TRUE='#'
BUILD_XPM_FALSE=''
BUILD_XPM_TRUE='#'
CC='gcc'
CCDEPMODE='depmode=gcc3'
CFLAGS='-g -O2'
CPPFLAGS=''
CSCOPE='cscope'
CTAGS='ctags'
CYGPATH_W='echo'
DEFS='-DHAVE_CONFIG_H'
DEPDIR='.deps'
ECHO_C=''
ECHO_N='-n'
ECHO_T=''
ETAGS='etags'
EXEEXT=''
INSTALL_DATA='${INSTALL} -m 644'
INSTALL_PROGRAM='${INSTALL}'
INSTALL_SCRIPT='${INSTALL}'
INSTALL_STRIP_PROGRAM='$(install_sh) -c -s'
JPEG_CFLAGS=''
JPEG_LIBS='-ljpeg'
LDFLAGS=''
LIBOBJS=''
LIBS=''
LTLIBOBJS=''
MAKEINFO='${SHELL} '\''/home/mohammed/repository/Math-Shell/xwallpaper/missing'\'' makeinfo'
MKDIR_P='/bin/mkdir -p'
OBJEXT='o'
PACKAGE='xwallpaper'
PACKAGE_BUGREPORT='https://github.com/stoeckmann/xwallpaper/issues'
PACKAGE_NAME='xwallpaper'
PACKAGE_STRING='xwallpaper 0.7.4'
PACKAGE_TARNAME='xwallpaper'
PACKAGE_URL='https://github.com/stoeckmann/xwallpaper'
PACKAGE_VERSION='0.7.4'
PATH_SEPARATOR=':'
PIXMAN_CFLAGS='-I/usr/include/pixman-1'
PIXMAN_LIBS='-lpixman-1'
PKG_CONFIG='/bin/pkg-config'
PKG_CONFIG_LIBDIR=''
PKG_CONFIG_PATH=''
PNG_CFLAGS='-I/usr/include/libpng16'
PNG_LIBS='-lpng16'
RANDR_CFLAGS=''
RANDR_LIBS='-lxcb-randr'
SECCOMP_CFLAGS=''
SECCOMP_LIBS=''
SET_MAKE=''
SHELL='/bin/sh'
STRIP=''
VERSION='0.7.4'
XCB_CFLAGS=''
XCB_LIBS='-lxcb-image -lxcb-shm -lxcb-util -lxcb'
XPM_CFLAGS=''
XPM_LIBS=''
ac_ct_CC='gcc'
am__EXEEXT_FALSE=''
am__EXEEXT_TRUE='#'
am__fastdepCC_FALSE='#'
am__fastdepCC_TRUE=''
am__include='include'
am__isrc=''
am__leading_dot='.'
am__nodep='_no'
am__quote=''
am__tar='$${TAR-tar} chof - "$$tardir"'
am__untar='$${TAR-tar} xf -'
bindir='${exec_prefix}/bin'
build_alias=''
datadir='${datarootdir}'
datarootdir='${prefix}/share'
docdir='${datarootdir}/doc/${PACKAGE_TARNAME}'
dvidir='${docdir}'
exec_prefix='${prefix}'
host_alias=''
htmldir='${docdir}'
includedir='${prefix}/include'
infodir='${datarootdir}/info'
install_sh='${SHELL} /home/mohammed/repository/Math-Shell/xwallpaper/install-sh'
libdir='${exec_prefix}/lib'
libexecdir='${exec_prefix}/libexec'
localedir='${datarootdir}/locale'
localstatedir='${prefix}/var'
mandir='${datarootdir}/man'
mkdir_p='$(MKDIR_P)'
oldincludedir='/usr/include'
pdfdir='${docdir}'
prefix='/usr/local'
program_transform_name='s,x,x,'
psdir='${docdir}'
runstatedir='${localstatedir}/run'
sbindir='${exec_prefix}/sbin'
sharedstatedir='${prefix}/com'
sysconfdir='${prefix}/etc'
target_alias=''
zshcompletiondir='${datarootdir}/zsh/site-functions'

## ----------- ##
## confdefs.h. ##
## ----------- ##

/* confdefs.h */
#define PACKAGE_NAME "xwallpaper"
#define PACKAGE_TARNAME "xwallpaper"
#define PACKAGE_VERSION "0.7.4"
#define PACKAGE_STRING "xwallpaper 0.7.4"
#define PACKAGE_BUGREPORT "https://github.com/stoeckmann/xwallpaper/issues"
#define PACKAGE_URL "https://github.com/stoeckmann/xwallpaper"
#define PACKAGE "xwallpaper"
#define VERSION "0.7.4"
#define WITH_RANDR 1
#define WITH_JPEG 1
#define WITH_PNG 1

configure: exit 0
